Found ConfigField TileEntityRemover_Enabled
Found ConfigField TileEntityTargetList
Ore: gearWood
Ore: gearStone
Ore: gearIron
Ore: gearGold
Ore: gearDiamond
Fluid: oil
Fluid: fuel
Fluid: mixture
Ore: sandstone
Ore: glass
Ore: oreCoal
Ore: cloth
Ore: blockGold
Ore: blockIron
Ore: blockDiamond
Ore: blockGlowstone
Ore: blockEmerald
Ore: blockRedstone
Ore: coal
Ore: charcoal
Ore: ingotIron
Ore: ingotGold
Ore: dustRedstone
Ore: slimeball
Ore: dustGlowstone
Ore: nuggetGold
Ore: copperWire
Ore: tinWire
Ore: ironWire
Ore: aluminumWire
Ore: silverWire
Ore: superconductorWire
Ore: gear
Fluid: uumatter
Fluid: constructionfoam
Fluid: ic2coolant
Ore: oreUranium
Ore: treeLeaves
Ore: treeSapling
Ore: woodRubber
Ore: dustBronze
Ore: dustClay
Ore: dustCoal
Ore: dustCopper
Ore: dustGold
Ore: dustIron
Ore: dustSilver
Ore: dustTin
Ore: dustLead
Ore: dustObsidian
Ore: dustLapis
Ore: dustSulfur
Ore: dustLithium
Ore: dustDiamond
Ore: dustSiliconDioxide
Ore: dustHydratedCoal
Ore: dustTinyCopper
Ore: dustTinyGold
Ore: dustTinyIron
Ore: dustTinySilver
Ore: dustTinyTin
Ore: dustTinyLead
Ore: dustTinySulfur
Ore: dustTinyLithium
Ore: itemRubber
Ore: ingotBronze
Ore: ingotCopper
Ore: ingotRefinedIron
Ore: ingotLead
Ore: ingotTin
Ore: ingotSilver
Ore: plateIron
Ore: plateGold
Ore: plateCopper
Ore: plateTin
Ore: plateLead
Ore: plateLapis
Ore: plateObsidian
Ore: plateBronze
Ore: plateDenseIron
Ore: plateDenseGold
Ore: plateDenseCopper
Ore: plateDenseTin
Ore: plateDenseLead
Ore: plateDenseLapis
Ore: plateDenseObsidian
Ore: plateDenseBronze
Ore: crushedIron
Ore: crushedGold
Ore: crushedSilver
Ore: crushedLead
Ore: crushedCopper
Ore: crushedTin
Ore: crushedUranium
Ore: crushedPurifiedIron
Ore: crushedPurifiedGold
Ore: crushedPurifiedSilver
Ore: crushedPurifiedLead
Ore: crushedPurifiedCopper
Ore: crushedPurifiedTin
Ore: crushedPurifiedUranium
Ore: blockBronze
Ore: blockCopper
Ore: blockTin
Ore: blockUranium
Ore: blockLead
Ore: gemDiamond
Ore: gemDiamond
Ore: craftingToolForgeHammer
Ore: craftingToolWireCutter
Fluid: milk
Fluid: sludge
Fluid: sewage
Fluid: mobessence
Fluid: biofuel
Fluid: meat
Fluid: pinkslime
Fluid: chocolatemilk
Fluid: mushroomsoup
Ore: crafterWood
Ore: craftingTableWood
Ore: plankWood
Ore: logWood
Ore: stickWood
Ore: crafterWood
Ore: craftingTableWood
Ore: plankWood
Ore: logWood
Ore: stickWood
Ore: crafterWood
Ore: craftingTableWood
Ore: plankWood
Ore: logWood
Ore: stickWood
Ore: crafterWood
Ore: craftingTableWood
Ore: plankWood
Ore: logWood
Ore: stickWood
Ore: crafterWood
Ore: craftingTableWood
Ore: plankWood
Ore: logWood
Ore: stickWood
Ore: crafterWood
Ore: craftingTableWood
Ore: plankWood
Ore: logWood
Ore: stickWood
Ore: crafterWood
Ore: craftingTableWood
Ore: plankWood
Ore: logWood
Ore: stickWood
Ore: crafterWood
Ore: craftingTableWood
Ore: plankWood
Ore: logWood
Ore: stickWood
Ore: crafterWood
Ore: craftingTableWood
Ore: plankWood
Ore: logWood
Ore: stickWood
Ore: crafterWood
Ore: craftingTableWood
Ore: plankWood
Ore: logWood
Ore: stickWood
Ore: crafterWood
Ore: craftingTableWood
Ore: plankWood
Ore: logWood
Ore: stickWood
Ore: crafterWood
Ore: craftingTableWood
Ore: plankWood
Ore: logWood
Ore: stickWood
Ore: dyeBlue
Ore: glassSoul
Ore: chestWood
Ore: blockGlass
Ore: blockGlass
Ore: blockGlass
Ore: cropRaspberry
Ore: cropBlueberry
Ore: cropBlackberry
Ore: cropMaloberry
Ore: cropBlightberry
Ore: cropDuskberry
Ore: cropSkyberry
Ore: cropStingberry
Ore: taintedSoil
Ore: slabWood
Ore: slabWood
Ore: saplingTree
Ore: saplingTree
Ore: leavesTree
Ore: leavesTree
Ore: leavesTree
Ore: leavesTree
Fluid: bop.liquidpoison
Fluid: bop.springwater
Fluid: bop.honey
Ore: plankWood
Ore: stickWood
Ore: stickWood
Ore: dyeBlue
Ore: dyeBrown
Ore: dyeGreen
Ore: dyeWhite
Ore: dyeBlack
Ore: gemRuby
Ore: gemPeridot
Ore: gemTopaz
Ore: gemTanzanite
Ore: gemMalachite
Ore: gemSapphire
Ore: oreRuby
Ore: oreTopaz
Ore: orePeridot
Ore: oreTanzanite
Ore: oreMalachite
Ore: oreSapphire
Ore: treeSapling
Ore: treeSapling
Ore: logWood
Ore: logWood
Ore: logWood
Ore: logWood
Ore: logWood
Ore: logWood
Ore: logWood
Ore: logWood
Ore: logWood
Ore: logWood
Ore: logWood
Ore: logWood
Ore: logWood
Ore: logWood
Ore: logWood
Ore: slabWood
Ore: slabWood
Ore: stairWood
Ore: stairWood
Ore: stairWood
Ore: stairWood
Ore: stairWood
Ore: stairWood
Ore: stairWood
Ore: stairWood
Ore: stairWood
Ore: stairWood
Ore: stairWood
Ore: stairWood
Ore: stairWood
Ore: treeLeaves
Ore: treeLeaves
Ore: treeLeaves
Ore: treeLeaves
Ore: treeLeaves
Ore: treeLeaves
Ore: treeLeaves
Ore: treeLeaves
Ore: gemApatite
Ore: ingotCopper
Ore: ingotTin
Ore: ingotBronze
Ore: brickPeat
Ore: dustAsh
Ore: gearBronze
Ore: gearCopper
Ore: gearTin
Ore: pulpWood
Ore: itemBeeswax
Ore: cropCherry
Ore: cropWalnut
Ore: cropChestnut
Ore: cropLemon
Ore: cropPlum
Ore: cropDate
Ore: cropPapaya
Ore: oreApatite
Ore: oreCopper
Ore: oreTin
Ore: dropHoney
Ore: itemPollen
Ore: dropHoneydew
Ore: dropRoyalJelly
Ore: beeComb
Ore: treeSapling
Ore: logWood
Ore: logWood
Ore: logWood
Ore: logWood
Ore: logWood
Ore: logWood
Ore: logWood
Ore: plankWood
Ore: plankWood
Ore: slabWood
Ore: slabWood
Ore: slabWood
Ore: logWood
Ore: logWood
Ore: logWood
Ore: logWood
Ore: logWood
Ore: logWood
Ore: logWood
Ore: logWood
Ore: logWood
Ore: logWood
Ore: logWood
Ore: logWood
Ore: logWood
Ore: logWood
Ore: logWood
Ore: logWood
Ore: logWood
Ore: logWood
Ore: logWood
Ore: logWood
Ore: logWood
Ore: logWood
Ore: logWood
Ore: logWood
Ore: logWood
Ore: logWood
Ore: logWood
Ore: logWood
Ore: logWood
Ore: logWood
Ore: logWood
Ore: logWood
Ore: logWood
Ore: logWood
Ore: logWood
Ore: logWood
Ore: logWood
Ore: logWood
Ore: logWood
Ore: logWood
Ore: plankWood
Ore: plankWood
Ore: plankWood
Ore: plankWood
Ore: plankWood
Ore: plankWood
Ore: plankWood
Ore: plankWood
Ore: plankWood
Ore: plankWood
Ore: plankWood
Ore: plankWood
Ore: plankWood
Ore: plankWood
Ore: plankWood
Ore: plankWood
Ore: plankWood
Ore: plankWood
Ore: plankWood
Ore: plankWood
Ore: plankWood
Ore: plankWood
Ore: plankWood
Ore: plankWood
Ore: plankWood
Ore: plankWood
Ore: plankWood
Ore: plankWood
Ore: plankWood
Ore: plankWood
Ore: plankWood
Ore: plankWood
Ore: plankWood
Ore: plankWood
Ore: plankWood
Fluid: sap
Fluid: resin
Fluid: latex
Fluid: turpentine
Ore: pulpWood
Ore: cropApple
Ore: cropCrabapple
Ore: cropOrange
Ore: cropKumquat
Ore: cropLime
Ore: cropCherry
Ore: cropWildCherry
Ore: cropCherry
Ore: cropSourCherry
Ore: cropCherry
Ore: cropBlackCherry
Ore: cropBlackthorn
Ore: cropPlum
Ore: cropCherryPlum
Ore: cropAlmond
Ore: cropApricot
Ore: cropGrapefruit
Ore: cropPeach
Ore: cropSatsuma
Ore: cropOrange
Ore: cropBuddhaHand
Ore: cropCitron
Ore: cropCitron
Ore: cropLime
Ore: cropFingerLime
Ore: cropKeyLime
Ore: cropLime
Ore: cropOrange
Ore: cropManderin
Ore: cropPeach
Ore: cropNectarine
Ore: cropPomelo
Ore: cropTangerine
Ore: cropOrange
Ore: cropPear
Ore: cropSandPear
Ore: cropHazelnut
Ore: cropButternut
Ore: cropWalnut
Ore: cropBeechnut
Ore: cropPecan
Ore: cropBanana
Ore: cropRedBanana
Ore: cropBanana
Ore: cropPlantain
Ore: cropBrazilNut
Ore: cropFig
Ore: cropAcorn
Ore: cropElderberry
Ore: cropOlive
Ore: cropGingkoNut
Ore: cropCoffee
Ore: cropOsangeOrange
Ore: cropClove
Ore: cropApple
Ore: cropHops
Ore: seedWheat
Ore: seedWheat
Ore: seedBarley
Ore: seedCorn
Ore: seedRye
Ore: seedRoasted
Fluid: myst.ink.black
Fluid: fluxgoo
Ore: oreCinnabar
Ore: oreAmber
Ore: nuggetIron
Ore: nuggetCopper
Ore: nuggetTin
Ore: nuggetSilver
Ore: nuggetLead
Ore: nuggetThaumium
Ore: logWood
Ore: logWood
Ore: plankWood
Ore: plankWood
Fluid: creosote
Fluid: steam
Ore: nuggetIron
Ore: nuggetSteel
Ore: ingotSteel
Ore: fuelCoke
Ore: dustObsidian
Ore: dustSulfur
Ore: dustSaltpeter
Ore: dustCharcoal
Ore: blockSteel
Ore: oreSulfur
Ore: oreSaltpeter
Ore: oreDiamond
Ore: oreEmerald
Ore: oreLapis
Ore: oreFirestone
Ore: sludge
Ore: oreSilver
Ore: ingotSilver
Ore: ingotLead
Ore: blockSilver
Ore: blockLead
Ore: oreFzDarkIron
Ore: ingotFzDarkIron
Ore: blockFzDarkIron
Ore: sulfuricAcid
Ore: bottleSulfuricAcid
Ore: aquaRegia
Fluid: liquidessence
Ore: dustVinteum
Ore: gemBlueTopaz
Ore: gemChimerite
Ore: gemMoonstone
Ore: gemSunstone
Fluid: uraniumhexafluoride
Fluid: deuterium
Fluid: toxicwaste
Ore: oreUranium
Ore: ingotUranium
Ore: dustUranium
Ore: breederUranium
Ore: blockRadioactive
Ore: cellEmpty
Ore: cellUranium
Ore: cellDeuterium
Ore: cellWater
Ore: strangeMatter
Ore: antimatterMilligram
Ore: antimatterGram
Fluid: hydrogen
Fluid: oxygen
Fluid: chlorine
Fluid: sulfurdioxidegas
Fluid: sulfurtrioxidegas
Fluid: sulfuricacid
Fluid: hydrogenchloride
Fluid: brine
Ore: oreYellorite
Ore: ingotYellorium
Ore: ingotCyanite
Ore: ingotGraphite
Ore: ingotBlutonium
Ore: dustYellorium
Ore: dustCyanite
Ore: dustGraphite
Ore: dustBlutonium
Ore: ingotUranium
Ore: ingotPlutonium
Ore: dustUranium
Ore: dustPlutonium
Ore: reactorCasing
Ore: reactorController
Ore: reactorPowerTap
Ore: reactorRedNetPort
Ore: reactorComputerPort
Ore: reactorRedstonePort
Ore: brSmallMachineCyaniteProcessor
Fluid: yellorium
Fluid: cyanite
Fluid: fuelcolumn
Ore: gemDiamond
Ore: gemEmerald
Ore: ingotIron
Ore: ingotGold
Ore: gemDiamond
Fluid: acid
Fluid: poison
Fluid: liquidnitrogen
Ore: dustCoal
Ore: dustIron
Ore: dustGold
Ore: dustCopper
Ore: dustTin
Ore: dustEnderPearl
Ore: itemSilicon
Ore: gearStone
Ore: itemFertilizer
Ore: itemTar
Ore: hambone
Ore: blockRubber
Fluid: iron.molten
Fluid: gold.molten
Fluid: copper.molten
Fluid: tin.molten
Fluid: aluminum.molten
Fluid: cobalt.molten
Fluid: ardite.molten
Fluid: bronze.molten
Fluid: aluminumbrass.molten
Fluid: manyullyn.molten
Fluid: alumite.molten
Fluid: obsidian.molten
Fluid: steel.molten
Fluid: glass.molten
Fluid: stone.seared
Fluid: emerald.liquid
Fluid: blood
Fluid: nickel.molten
Fluid: lead.molten
Fluid: silver.molten
Fluid: platinum.molten
Fluid: invar.molten
Fluid: electrum.molten
Fluid: ender
Fluid: slime.blue
Fluid: glue
Fluid: pigiron.molten
Ore: oreCobalt
Ore: oreArdite
Ore: oreCopper
Ore: oreTin
Ore: oreAluminum
Ore: oreAluminium
Ore: oreIron
Ore: oreGold
Ore: oreCobalt
Ore: oreCopper
Ore: oreTin
Ore: oreAluminum
Ore: oreAluminium
Ore: ingotCobalt
Ore: ingotArdite
Ore: ingotManyullyn
Ore: ingotCopper
Ore: ingotTin
Ore: ingotAluminum
Ore: ingotAluminium
Ore: ingotBronze
Ore: ingotAluminumBrass
Ore: ingotAluminiumBrass
Ore: ingotAlumite
Ore: ingotSteel
Ore: ingotObsidian
Ore: ingotPigIron
Ore: itemRawRubber
Ore: blockCobalt
Ore: blockArdite
Ore: blockManyullyn
Ore: blockCopper
Ore: blockBronze
Ore: blockTin
Ore: blockAluminum
Ore: blockAluminium
Ore: blockAluminumBrass
Ore: blockAluminiumBrass
Ore: blockAlumite
Ore: blockSteel
Ore: nuggetIron
Ore: nuggetIron
Ore: nuggetCopper
Ore: nuggetCopper
Ore: nuggetTin
Ore: nuggetTin
Ore: nuggetAluminum
Ore: nuggetAluminum
Ore: nuggetAluminium
Ore: nuggetAluminium
Ore: nuggetAluminumBrass
Ore: nuggetAluminiumBrass
Ore: nuggetObsidian
Ore: nuggetCobalt
Ore: nuggetArdite
Ore: nuggetManyullyn
Ore: nuggetBronze
Ore: nuggetAlumite
Ore: nuggetSteel
Ore: nuggetGold
Ore: nuggetPigIron
Ore: slabCloth
Ore: slabCloth
Ore: stoneMossy
Ore: stoneMossy
Ore: crafterWood
Ore: craftingTableWood
Ore: torchStone
Ore: woodRod
Ore: stoneRod
Ore: ironRod
Ore: flintRod
Ore: cactusRod
Ore: boneRod
Ore: obsidianRod
Ore: netherrackRod
Ore: slimeRod
Ore: paperRod
Ore: cobaltRod
Ore: arditeRod
Ore: manyullynRod
Ore: copperRod
Ore: bronzeRod
Ore: alumiteRod
Ore: steelRod
Ore: blueslimeRod
Ore: thaumiumRod
Ore: glassWhite
Ore: glassOrange
Ore: glassMagenta
Ore: glassLightBlue
Ore: glassYellow
Ore: glassLime
Ore: glassPink
Ore: glassGray
Ore: glassLightGray
Ore: glassCyan
Ore: glassPurple
Ore: glassBlue
Ore: glassBrown
Ore: glassGreen
Ore: glassRed
Ore: glassBlack
Ore: slimeball
Ore: slimeball
Ore: slimeball
Ore: slimeball
Ore: glass
Ore: glass
Fluid: molten.angmallen
Fluid: molten.damascus.steel
Fluid: molten.hepatizon
Fluid: molten.manganese
Fluid: molten.brass
Fluid: molten.platinum
Fluid: molten.zinc
Fluid: molten.amordrine
Fluid: molten.alduorite
Fluid: molten.ceruclase
Fluid: molten.ignatius
Fluid: molten.inolashite
Fluid: molten.kalendrite
Fluid: molten.lemurite
Fluid: molten.midasium
Fluid: molten.sanguinite
Fluid: molten.shadow.iron
Fluid: molten.shadow.steel
Fluid: molten.vulcanite
Fluid: molten.vyroxeres
Fluid: molten.adamantine
Fluid: molten.astral.silver
Fluid: molten.atlarus
Fluid: molten.black.steel
Fluid: molten.carmot
Fluid: molten.celenegil
Fluid: molten.deep.iron
Fluid: molten.haderoth
Fluid: molten.infuscolium
Fluid: molten.mithril
Fluid: molten.orichalcum
Fluid: molten.oureclase
Fluid: molten.prometheum
Fluid: molten.quicksilver
Fluid: molten.rubracium
Fluid: molten.tartarite
Fluid: molten.desichalkos
Fluid: molten.eximite
Fluid: molten.meutoite
Fluid: molten.refined.glowstone
Fluid: molten.osmium
Fluid: molten.pokefennium
Fluid: molten.fairy
Ore: nuggetEmerald
Ore: dyeBlack
Fluid: mutagen
Fluid: grc.applecider
Ore: saplingTree
Ore: treeSapling
Ore: seedApple
Ore: listAllseed
Ore: foodApplejuice
Ore: slabWood
Ore: woodSlab
Ore: stairWood
Ore: woodStair
Ore: leavesTree
Ore: treeLeaves
Ore: cropBamboo
Ore: materialBamboo
Ore: bamboo
Ore: cropBambooshoot
Ore: listAllveggie
Fluid: grc.grapewine
Ore: cropGrapes
Ore: foodGrapes
Ore: seedGrapes
Ore: cropGrape
Ore: seedGrape
Ore: foodGrapejuice
Ore: listAllseed
Ore: listAllfruit
Fluid: grc.hopale
Ore: cropHops
Ore: materialHops
Ore: seedHops
Ore: listAllseed
Fluid: grc.ricesake
Ore: cropRice
Ore: seedRice
Ore: listAllseed
Fluid: endergoo
Ore: mb.magnet.level0
Ore: mb.magnet.level0
Ore: mb.magnet.level1
Ore: mb.magnet.level1
Ore: mb.magnet.level2
Ore: mb.magnet.level2
Ore: mb.magnet.level3
Ore: mb.magnet.level3
Ore: mb.magnet.level4
Ore: mb.magnet.level4
Ore: mb.magnet.level5
Ore: mb.magnet.level5
Ore: mb.magnet.level6
Ore: mb.magnet.level6
Ore: mb.magnet.level7
Ore: mb.magnet.level7
Ore: mb.magnet.level8
Ore: mb.magnet.level8
Ore: beeComb
Ore: waxMagical
Ore: waxMagical
Ore: nuggetIron
Ore: nuggetCopper
Ore: nuggetTin
Ore: nuggetSilver
Ore: nuggetLead
Ore: shardDiamond
Ore: shardEmerald
Ore: shardApatite
Fluid: fishoil
Fluid: fishfood
Fluid: fastwater
Fluid: naturalgas
Ore: blockLimestone
Ore: oreCopper
Ore: oreAluminum
Ore: oreTitanium
Ore: blockAluminum
Ore: blockCopper
Ore: blockMagnesium
Ore: blockTitanium
Ore: ingotAluminum
Ore: ingotCopper
Ore: ingotMagnesium
Ore: ingotTitanium
Ore: plantKelp
Ore: dyeYellow
Ore: dyeRed
Ore: dyeBrown
Ore: coralLightBlue
Ore: coralYellow
Ore: coralMagenta
Ore: coralBrown
Ore: coralOrange
Ore: coralPink
Ore: coralPurple
Ore: coralRed
Ore: itemSuperconductor
Fluid: fortron
Fluid: xpjuice
Found ConfigField creosote_fermentation
Ore: stoneRod
Ore: circuitBasic
Ore: circuitAdvanced
Ore: circuitElite
Ore: motor
Ore: wrench
Ore: oreNetherCoal
Ore: oreNetherDiamond
Ore: oreNetherGold
Ore: oreNetherIron
Ore: oreNetherLapis
Ore: oreNetherRedstone
Ore: oreNetherCopper
Ore: oreNetherTin
Ore: oreNetherEmerald
Ore: oreNetherSilver
Ore: oreNetherLead
Ore: oreNetherUranium
Ore: oreNetherRuby
Ore: oreNetherSapphire
Ore: oreNetherPlatinum
Ore: oreNetherNickel
Ore: oreNetherSteel
Ore: oreNetherIridium
Ore: oreNetherOsmium
Ore: dustIron
Ore: dustGold
Ore: dustCoal
Ore: dustObsidian
Ore: dustCopper
Ore: dustTin
Ore: dustSilver
Ore: dustLead
Ore: dustNickel
Ore: dustPlatinum
Ore: dustElectrum
Ore: dustInvar
Ore: dustBronze
Ore: dustEnderium
Ore: ingotCopper
Ore: ingotTin
Ore: ingotSilver
Ore: ingotLead
Ore: ingotNickel
Ore: ingotPlatinum
Ore: ingotElectrum
Ore: ingotInvar
Ore: ingotBronze
Ore: ingotEnderium
Ore: nuggetCopper
Ore: nuggetTin
Ore: nuggetSilver
Ore: nuggetLead
Ore: nuggetNickel
Ore: nuggetPlatinum
Ore: nuggetElectrum
Ore: nuggetInvar
Ore: nuggetBronze
Ore: nuggetEnderium
Ore: dustSulfur
Ore: dustSaltpeter
Ore: crystalCinnabar
Ore: gearCopper
Ore: gearTin
Ore: gearElectrum
Ore: gearInvar
Ore: gearBronze
Ore: oreCopper
Ore: oreTin
Ore: oreSilver
Ore: oreLead
Ore: oreNickel
Ore: blockCopper
Ore: blockTin
Ore: blockSilver
Ore: blockLead
Ore: blockNickel
Ore: blockPlatinum
Ore: blockElectrum
Ore: blockInvar
Ore: blockBronze
Ore: blockEnderium
Ore: glassHardened
Fluid: redstone
Fluid: glowstone
Fluid: pyrotheum
Fluid: cryotheum
Fluid: coal
Ore: itemRubber
Ore: itemRawRubber
Ore: woodRubber
Ore: leavesRubber
Ore: sheetPlastic
Ore: dustPlastic
Ore: ingotMeat
Ore: ingotMeatRaw
Ore: nuggetMeat
Ore: nuggetMeatRaw
Ore: blockMeat
Ore: blockMeatRaw
Ore: itemCharcoalSugar
Ore: cableRedNet
Ore: slimeball
Ore: dyeBrown
Ore: fertilizerOrganic
Ore: wireExplosive
Ore: cropVine
Fluid: glass
Fluid: biomass
Fluid: bioethanol
Fluid: seedoil
Fluid: honey
Fluid: juice
Fluid: ice
Ore: oreCertusQuartz
Ore: crystalCertusQuartz
Ore: dustCertusQuartz
Ore: dustNetherQuartz
Ore: dustEnderPearl
Ore: dustGold
Ore: dustIron
Ore: dustWheat
Ore: greggy_greg_do_please_kindly_stuff_a_sock_in_it
Ore: logWood
Ore: logWood
Ore: treeSapling
Ore: treeLeaves
Ore: treeLeaves
Ore: plankWood
Fluid: liquidforce
Ore: gemForce
Ore: ingotForce
Ore: nuggetForce
Ore: logWood
Ore: plankWood
Ore: slabWood
Ore: stairWood
Ore: treeSapling
Ore: treeLeaves
Ore: stickWood
Ore: itemTear
Ore: itemTear
Ore: itemClaw
Ore: itemBacon
Fluid: immibis.liquidxp
Ore: plateBrass
Ore: itemCasingBrass
Ore: oreBlueTopaz
Ore: oreVinteum
Ore: oreChimerite
Ore: oreMoonstone
Ore: oreSunstone
Ore: blockBlueTopaz
Ore: blockVinteum
Ore: blockChimerite
Ore: blockMoonstone
Ore: blockSunstone
Ore: logWood
Ore: stairWood
Ore: plankWood
Ore: slabWood
Ore: universalCable
Ore: battery
Ore: pulpWood
Ore: dustObsidian
Ore: itemSalt
Ore: dustSalt
Ore: dustIron
Ore: dustGold
Ore: dustOsmium
Ore: dustRefinedObsidian
Ore: dustDiamond
Ore: dustSteel
Ore: dustCopper
Ore: dustTin
Ore: dustSilver
Ore: dustLead
Ore: dustSulfur
Ore: ingotRefinedObsidian
Ore: ingotOsmium
Ore: ingotBronze
Ore: ingotRefinedGlowstone
Ore: ingotSteel
Ore: ingotCopper
Ore: ingotTin
Ore: blockOsmium
Ore: blockBronze
Ore: blockRefinedObsidian
Ore: blockCharcoal
Ore: blockRefinedGlowstone
Ore: blockSteel
Ore: blockCopper
Ore: blockTin
Ore: dustDirtyIron
Ore: clumpIron
Ore: shardIron
Ore: crystalIron
Ore: dustDirtyGold
Ore: clumpGold
Ore: shardGold
Ore: crystalGold
Ore: dustDirtyOsmium
Ore: clumpOsmium
Ore: shardOsmium
Ore: crystalOsmium
Ore: dustDirtyCopper
Ore: clumpCopper
Ore: shardCopper
Ore: crystalCopper
Ore: dustDirtyTin
Ore: clumpTin
Ore: shardTin
Ore: crystalTin
Ore: dustDirtySilver
Ore: clumpSilver
Ore: shardSilver
Ore: crystalSilver
Ore: dustDirtyObsidian
Ore: clumpObsidian
Ore: shardObsidian
Ore: crystalObsidian
Ore: dustDirtyLead
Ore: clumpLead
Ore: shardLead
Ore: crystalLead
Ore: oreOsmium
Ore: oreCopper
Ore: oreTin
Ore: oreCoal
Ore: ingotIron
Ore: ingotGold
Ore: oreRedstone
Ore: oreRedstone
Ore: circuitBasic
Ore: itemCompressedCarbon
Ore: itemEnrichedAlloy
Ore: dyeRed
Ore: dyeYellow
Ore: dyeBlue
Ore: dyeGreen
Ore: dyeBlack
Ore: dyeWhite
Ore: dyeBrown
Fluid: liquiddna
Fluid: life essence
Ore: oreCoal
Ore: projredWire
Ore: projredWire
Ore: projredWire
Ore: projredWire
Ore: projredWire
Ore: projredWire
Ore: projredWire
Ore: projredWire
Ore: projredWire
Ore: projredWire
Ore: projredWire
Ore: projredWire
Ore: projredWire
Ore: projredWire
Ore: projredWire
Ore: projredWire
Ore: projredWire
Ore: projredWire
Ore: projredWire
Ore: projredWire
Ore: projredWire
Ore: projredWire
Ore: projredWire
Ore: projredWire
Ore: projredWire
Ore: projredWire
Ore: projredWire
Ore: projredWire
Ore: projredWire
Ore: projredWire
Ore: projredWire
Ore: projredWire
Ore: projredWire
Ore: projredWire
Ore: projredInsFramedWire
Ore: projredInsulatedWire
Ore: projredInsFramedWire
Ore: projredInsulatedWire
Ore: projredInsFramedWire
Ore: projredInsulatedWire
Ore: projredInsFramedWire
Ore: projredInsulatedWire
Ore: projredInsFramedWire
Ore: projredInsulatedWire
Ore: projredInsFramedWire
Ore: projredInsulatedWire
Ore: projredInsFramedWire
Ore: projredInsulatedWire
Ore: projredInsFramedWire
Ore: projredInsulatedWire
Ore: projredInsFramedWire
Ore: projredInsulatedWire
Ore: projredInsFramedWire
Ore: projredInsulatedWire
Ore: projredInsFramedWire
Ore: projredInsulatedWire
Ore: projredInsFramedWire
Ore: projredInsulatedWire
Ore: projredInsFramedWire
Ore: projredInsulatedWire
Ore: projredInsFramedWire
Ore: projredInsulatedWire
Ore: projredInsFramedWire
Ore: projredInsulatedWire
Ore: projredInsFramedWire
Ore: projredInsulatedWire
Ore: projredBundledCable
Ore: projredBundledCable
Ore: projredBundledCable
Ore: projredBundledCable
Ore: projredBundledCable
Ore: projredBundledCable
Ore: projredBundledCable
Ore: projredBundledCable
Ore: projredBundledCable
Ore: projredBundledCable
Ore: projredBundledCable
Ore: projredBundledCable
Ore: projredBundledCable
Ore: projredBundledCable
Ore: projredBundledCable
Ore: projredBundledCable
Ore: projredBundledCable
Ore: blockMarble
Ore: blockLimestone
Ore: blockConcrete
Ore: blockHolystone
Ore: blockLavastone
Ore: blockFft
Ore: blockCarpet
Ore: blockTyrian
Ore: blockDirt
Ore: blockCloud
Ore: blockAluminum
Ore: blockBronze
Ore: blockCopper
Ore: blockLead
Ore: blockNickel
Ore: blockPlatinum
Ore: blockSilver
Ore: blockSteel
Ore: blockTin
Ore: oreAluminum
Ore: oreTin
Ore: oreEmery
Ore: oreLead
Ore: oreCopper
Ore: oreNickel
Ore: oreRuby
Ore: oreSapphire
Ore: ingotAluminum
Ore: ingotBronze
Ore: ingotCopper
Ore: ingotLead
Ore: ingotNickel
Ore: ingotPlatinum
Ore: ingotSilver
Ore: ingotSteel
Ore: ingotTin
Ore: gemEmery
Ore: gemRuby
Ore: gemSapphire
Ore: plankWood
Ore: plankWood
Ore: plankWood
Ore: plankWood
Ore: plankWood
Ore: plankWood
Ore: plankWood
Ore: plankWood
Ore: plankWood
Ore: plankWood
Ore: plankWood
Ore: plankWood
Ore: plankWood
Ore: plankWood
Ore: plankWood
Ore: plankWood
Fluid: slickwater
Ore: dustQuicklime
Ore: groundAluminum
Ore: groundTin
Ore: groundLead
Ore: groundGold
Ore: groundIron
Ore: groundCopper
Ore: groundNickel
Ore: groundSilver
Ore: dustImpureAluminum
Ore: dustImpureCopper
Ore: dustImpureLead
Ore: dustImpureNickel
Ore: dustImpureGold
Ore: dustImpureIron
Ore: dustImpureSilver
Ore: dustImpureTin
Ore: dustAluminum
Ore: dustCopper
Ore: dustGold
Ore: dustIron
Ore: dustLead
Ore: dustNickel
Ore: dustPlatinum
Ore: dustSilver
Ore: dustTin
Ore: groundCobalt
Ore: groundArdite
Ore: dustImpureCobalt
Ore: dustImpureArdite
Ore: dustPureCobalt
Ore: dustPureArdite
Ore: transmutationStone
Ore: transmutationStone
Ore: blockHepatizon
Ore: ingotHepatizon
Ore: dustHepatizon
Ore: blockBronze
Ore: ingotBronze
Ore: dustBronze
Ore: blockAngmallen
Ore: ingotAngmallen
Ore: dustAngmallen
Ore: oreCopper
Ore: blockCopper
Ore: ingotCopper
Ore: dustCopper
Ore: oreTin
Ore: blockTin
Ore: ingotTin
Ore: dustTin
Ore: blockSteel
Ore: ingotSteel
Ore: dustSteel
Ore: blockDamascus Steel
Ore: ingotDamascus Steel
Ore: dustDamascus Steel
Ore: oreManganese
Ore: blockManganese
Ore: ingotManganese
Ore: dustManganese
Ore: blockElectrum
Ore: ingotElectrum
Ore: dustElectrum
Ore: oreZinc
Ore: blockZinc
Ore: ingotZinc
Ore: dustZinc
Ore: orePlatinum
Ore: blockPlatinum
Ore: ingotPlatinum
Ore: dustPlatinum
Ore: oreSilver
Ore: blockSilver
Ore: ingotSilver
Ore: dustSilver
Ore: blockBrass
Ore: ingotBrass
Ore: dustBrass
Ore: oreLemurite
Ore: blockLemurite
Ore: ingotLemurite
Ore: dustLemurite
Ore: oreMidasium
Ore: blockMidasium
Ore: ingotMidasium
Ore: dustMidasium
Ore: blockShadow Steel
Ore: ingotShadow Steel
Ore: dustShadow Steel
Ore: oreIgnatius
Ore: blockIgnatius
Ore: ingotIgnatius
Ore: dustIgnatius
Ore: oreVyroxeres
Ore: blockVyroxeres
Ore: ingotVyroxeres
Ore: dustVyroxeres
Ore: oreKalendrite
Ore: blockKalendrite
Ore: ingotKalendrite
Ore: dustKalendrite
Ore: oreCeruclase
Ore: blockCeruclase
Ore: ingotCeruclase
Ore: dustCeruclase
Ore: blockInolashite
Ore: ingotInolashite
Ore: dustInolashite
Ore: oreShadow Iron
Ore: blockShadow Iron
Ore: ingotShadow Iron
Ore: dustShadow Iron
Ore: oreSanguinite
Ore: blockSanguinite
Ore: ingotSanguinite
Ore: dustSanguinite
Ore: blockAmordrine
Ore: ingotAmordrine
Ore: dustAmordrine
Ore: oreVulcanite
Ore: blockVulcanite
Ore: ingotVulcanite
Ore: dustVulcanite
Ore: oreAlduorite
Ore: blockAlduorite
Ore: ingotAlduorite
Ore: dustAlduorite
Ore: oreInfuscolium
Ore: blockInfuscolium
Ore: ingotInfuscolium
Ore: dustInfuscolium
Ore: oreRubracium
Ore: blockRubracium
Ore: ingotRubracium
Ore: dustRubracium
Ore: oreAdamantine
Ore: blockAdamantine
Ore: ingotAdamantine
Ore: dustAdamantine
Ore: blockCelenegil
Ore: ingotCelenegil
Ore: dustCelenegil
Ore: blockQuicksilver
Ore: ingotQuicksilver
Ore: dustQuicksilver
Ore: oreAtlarus
Ore: blockAtlarus
Ore: ingotAtlarus
Ore: dustAtlarus
Ore: oreDeep Iron
Ore: blockDeep Iron
Ore: ingotDeep Iron
Ore: dustDeep Iron
Ore: orePrometheum
Ore: blockPrometheum
Ore: ingotPrometheum
Ore: dustPrometheum
Ore: blockBlack Steel
Ore: ingotBlack Steel
Ore: dustBlack Steel
Ore: oreOrichalcum
Ore: blockOrichalcum
Ore: ingotOrichalcum
Ore: dustOrichalcum
Ore: oreAstral Silver
Ore: blockAstral Silver
Ore: ingotAstral Silver
Ore: dustAstral Silver
Ore: blockHaderoth
Ore: ingotHaderoth
Ore: dustHaderoth
Ore: oreMithril
Ore: blockMithril
Ore: ingotMithril
Ore: dustMithril
Ore: blockTartarite
Ore: ingotTartarite
Ore: dustTartarite
Ore: oreOureclase
Ore: blockOureclase
Ore: ingotOureclase
Ore: dustOureclase
Ore: oreCarmot
Ore: blockCarmot
Ore: ingotCarmot
Ore: dustCarmot
Ore: oreEximite
Ore: blockEximite
Ore: ingotEximite
Ore: dustEximite
Ore: oreMeutoite
Ore: blockMeutoite
Ore: ingotMeutoite
Ore: dustMeutoite
Ore: blockDesichalkos
Ore: ingotDesichalkos
Ore: dustDesichalkos
Ore: oreSulfur
Ore: orePhosphorite
Ore: oreSaltpeter
Ore: oreBitumen
Ore: oreMagnesium
Ore: orePotash
Ore: dustSulfur
Ore: dustPhosphorus
Ore: dustSaltpeter
Ore: dustBitumen
Ore: dustPotash
Ore: dustMagnesium
Ore: dustIron
Ore: dustGold
Ore: bricksGravel
Ore: enderobsidian
Ore: burntquartz
Ore: icestone
Ore: blockUnstable
Ore: glass
Ore: glass
Ore: glass
Ore: glass
Ore: glass
Ore: glass
Ore: glass
Ore: glass
Ore: glass
Ore: glass
Ore: glass
Ore: bricksStone
Ore: bricksStone
Ore: bricksStone
Ore: bricksStone
Ore: bricksStone
Ore: bricksStone
Ore: bricksStone
Ore: bricksStone
Ore: bricksStone
Ore: bricksStone
Ore: bricksStone
Ore: bricksStone
Ore: bricksStone
Ore: bricksStone
Ore: bricksStone
Ore: bricksStone
Ore: plankWood
Ore: plankWood
Ore: plankWood
Ore: plankWood
Ore: plankWood
Ore: plankWood
Ore: plankWood
Ore: plankWood
Ore: plankWood
Ore: plankWood
Ore: plankWood
Ore: plankWood
Ore: plankWood
Ore: plankWood
Ore: plankWood
Ore: plankWood
Ore: compressedCobblestone1x
Ore: compressedCobblestone2x
Ore: compressedCobblestone3x
Ore: compressedCobblestone4x
Ore: compressedCobblestone5x
Ore: compressedCobblestone6x
Ore: compressedCobblestone7x
Ore: compressedCobblestone8x
Ore: compressedDirt1x
Ore: compressedDirt2x
Ore: compressedDirt3x
Ore: compressedDirt4x
Ore: compressedGravel1x
Ore: compressedGravel2x
Ore: compressedSand1x
Ore: compressedSand2x
Ore: ingotUnstable
Ore: nuggetUnstable
Ore: ingotReinforced
Ore: ingotDraconic
Ore: stickIron
Ore: stickGold
Ore: stickDiamond
Ore: stickReinforced
Ore: stickDraconic
Ore: stickEmerald
Ore: stickCopper
Ore: stickTin
Ore: stickSilver
Ore: stickBronze
Ore: stickSteel
Ore: stickLead
Ore: stickManyullyn
Ore: stickArdite
Ore: stickCobalt
Ore: stickAlumite
Ore: frameIron
Ore: frameGold
Ore: frameDiamond
Ore: frameReinforced
Ore: frameDraconic
Ore: frameEmerald
Ore: frameCoal
Ore: frameObsidian
Ore: frameNature
Ore: frameMutation
Ore: frameUber
Ore: frameCopper
Ore: frameTin
Ore: frameSilver
Ore: frameBronze
Ore: frameSteel
Ore: frameLead
Ore: frameManyullyn
Ore: frameArdite
Ore: frameCobalt
Ore: frameAlumite
Ore: grafterReinforced
Ore: grafterDraconic
Ore: grafterLegendary
Ore: grafterUber
Ore: scoopReinforced
Ore: scoopDraconic
Ore: scoopLegendary
Ore: scoopUber
Ore: tomeMysteriousAges
Ore: ingotRyuDragonRyder
Ore: frameWasliebob
Ore: blockDraconic
Ore: blockReinforced
Ore: oreDraconic
Fluid: gascraft_naturalgas
Fluid: gascraft_propellent
Fluid: gascraft_hydrogen
Fluid: gascraft_smoke
Fluid: gascraft_toxicgas
Fluid: gascraft_neurotoxin
Fluid: gascraft_corrosivegas
Ore: blockWool
Ore: blockWool
Fluid: moltenmagnesium
Fluid: moltentitanium
Fluid: moltenrutile
Ore: plantKelp
Ore: coralPink
Ore: coralOrange
Ore: coralLightBlue
Ore: coralPurple
Fluid: molten.dirt
Ore: itemBioFuel
Ore: componentWiring
Ore: componentSolenoid
Ore: componentServo
Ore: componentGliderWing
Ore: componentIonThruster
Ore: componentLVCapacitor
Ore: componentMVCapacitor
Ore: componentHVCapacitor
Ore: componentParachute
Ore: componentPlatingBasic
Ore: componentPlatingAdvanced
Ore: componentFieldEmitter
Ore: componentLaserEmitter
Ore: componentCarbonMyofiber
Ore: componentControlCircuit
Ore: componentMyofiberGel
Ore: componentArtificialMuscle
Ore: cropPumpkin
Ore: cropMelon
Ore: cropPotato
Ore: cropCarrot
Fluid: peat
Fluid: vegetable
Setting up meta item: 4602:0 Blacksmithing Hammer
Setting up meta item: 4603:0 Iron Ring
Setting up meta item: 4600:0 Sugar Charcoal
Setting up meta item: 4600:1 Sugar Coke
Setting up meta item: 4600:2 Cactus Charcoal
Setting up meta item: 4600:3 Cactus Coke
Ore: componentSolarPanel
Ore: componentMagnet
Ore: componentComputerChip
Ore: projredPart
Ore: projredPart
Ore: projredPart
Ore: projredPart
Ore: projredPart
Ore: projredPart
Ore: projredPart
Ore: projredPart
Ore: projredPart
Ore: projredPart
Ore: projredPart
Ore: projredPart
Ore: projredPart
Ore: projredPart
Ore: projredPart
Ore: projredPart
Ore: projredPart
Ore: projredPart
Ore: projredPart
Ore: projredPart
Ore: projredPart
Ore: projredPart
Ore: projredPart
Ore: projredPart
Ore: projredPart
Ore: projredPart
Ore: projredPart
Ore: projredPart
Ore: projredPart
Ore: projredPart
Ore: projredPart
Ore: projredPart
Ore: projredPart
Ore: projredPart
Ore: projredPart
Ore: projredPart
Ore: projredPart
Ore: projredPart
Ore: projredPart
Ore: projredPart
Ore: projredPart
Ore: projredPart
Ore: projredPart
Ore: projredPart
Ore: projredPart
Ore: projredPart
Ore: projredPart
Ore: projredPart
Ore: projredPart
Ore: projredPart
Ore: projredPart
Ore: projredPart
Ore: projredIllumar
Ore: projredIllumar
Ore: projredIllumar
Ore: projredIllumar
Ore: projredIllumar
Ore: projredIllumar
Ore: projredIllumar
Ore: projredIllumar
Ore: projredIllumar
Ore: projredIllumar
Ore: projredIllumar
Ore: projredIllumar
Ore: projredIllumar
Ore: projredIllumar
Ore: projredIllumar
Ore: projredIllumar
Fluid: molten redstone
Fluid: molten conductive redmetal
Ore: dyeWhite
Ore: dyeOrange
Ore: dyeMagenta
Ore: dyeLightBlue
Ore: dyeYellow
Ore: dyeLime
Ore: dyePink
Ore: dyeGray
Ore: dyeLightGray
Ore: dyeCyan
Ore: dyePurple
Ore: dyeBlue
Ore: dyeBrown
Ore: dyeGreen
Ore: dyeRed
Ore: dyeBlack
Ore: ProjRed|Exploration:bag
Ore: ProjRed|Exploration:bag
Ore: ProjRed|Exploration:bag
Ore: ProjRed|Exploration:bag
Ore: ProjRed|Exploration:bag
Ore: ProjRed|Exploration:bag
Ore: ProjRed|Exploration:bag
Ore: ProjRed|Exploration:bag
Ore: ProjRed|Exploration:bag
Ore: ProjRed|Exploration:bag
Ore: ProjRed|Exploration:bag
Ore: ProjRed|Exploration:bag
Ore: ProjRed|Exploration:bag
Ore: ProjRed|Exploration:bag
Ore: ProjRed|Exploration:bag
Ore: ProjRed|Exploration:bag
Ore: gemRuby
Ore: gemSapphire
Ore: gemPeridot
Ore: oreRuby
Ore: oreSapphire
Ore: orePeridot
Ore: dustCopper
Ore: dustGold
Ore: dustIron
Ore: dustLead
Ore: dustSilver
Ore: dustTin
Ore: dustBronze
Ore: dustAluminum
Ore: dustAluminumBrass
Ore: dustCobalt
Ore: dustArdite
Ore: dustManyullyn
Ore: ingotIron
Ore: ingotGold
Ore: oreAmethyst
Ore: rodIron
Ore: diamondNugget
Ore: plankWood
Ore: treeSapling
Ore: logWood
Ore: treeLeaves
Ore: slabWood
Ore: stairWood
Ore: stairWood
Ore: stairWood
Ore: obsidianRod
Ore: stoneBowl
Ore: blockElectrumFlux
Ore: blockCrystalFlux
Ore: dustElectrumFlux
Ore: ingotElectrumFlux
Ore: nuggetElectrumFlux
Ore: gemCrystalFlux
Ore: rubbleLead
Ore: dustLead
Ore: dustRefinedLead
Ore: rubbleTin
Ore: dustTin
Ore: dustRefinedTin
Ore: rubbleMidasium
Ore: dustMidasium
Ore: dustRefinedMidasium
Ore: rubbleAluminium
Ore: dustAluminium
Ore: dustRefinedAluminium
Ore: rubbleAluminum
Ore: dustAluminum
Ore: dustRefinedAluminum
Ore: rubblePrometheum
Ore: dustPrometheum
Ore: dustRefinedPrometheum
Ore: rubbleRubracium
Ore: dustRubracium
Ore: dustRefinedRubracium
Ore: rubbleAlduorite
Ore: dustAlduorite
Ore: dustRefinedAlduorite
Ore: rubbleCarmot
Ore: dustCarmot
Ore: dustRefinedCarmot
Ore: rubbleOureclase
Ore: dustOureclase
Ore: dustRefinedOureclase
Ore: rubbleTitanium
Ore: dustTitanium
Ore: dustRefinedTitanium
Ore: rubblePlatinum
Ore: dustPlatinum
Ore: dustRefinedPlatinum
Ore: rubbleOsmium
Ore: dustOsmium
Ore: dustRefinedOsmium
Ore: rubbleKalendrite
Ore: dustKalendrite
Ore: dustRefinedKalendrite
Ore: rubbleUranium
Ore: dustUranium
Ore: dustRefinedUranium
Ore: rubbleInfuscolium
Ore: dustInfuscolium
Ore: dustRefinedInfuscolium
Ore: rubbleZinc
Ore: dustZinc
Ore: dustRefinedZinc
Ore: rubbleMagnesium
Ore: dustMagnesium
Ore: dustRefinedMagnesium
Ore: rubbleCobalt
Ore: dustCobalt
Ore: dustRefinedCobalt
Ore: rubbleCopper
Ore: dustCopper
Ore: dustRefinedCopper
Ore: rubbleDraconic
Ore: dustDraconic
Ore: dustRefinedDraconic
Ore: rubbleAdamantine
Ore: dustAdamantine
Ore: dustRefinedAdamantine
Ore: rubbleEximite
Ore: dustEximite
Ore: dustRefinedEximite
Ore: rubbleManganese
Ore: dustManganese
Ore: dustRefinedManganese
Ore: rubbleIron
Ore: dustIron
Ore: dustRefinedIron
Ore: rubbleMeutoite
Ore: dustMeutoite
Ore: dustRefinedMeutoite
Ore: rubbleMithril
Ore: dustMithril
Ore: dustRefinedMithril
Ore: rubbleVulcanite
Ore: dustVulcanite
Ore: dustRefinedVulcanite
Ore: rubbleIgnatius
Ore: dustIgnatius
Ore: dustRefinedIgnatius
Ore: rubbleGold
Ore: dustGold
Ore: dustRefinedGold
Ore: rubbleLemurite
Ore: dustLemurite
Ore: dustRefinedLemurite
Ore: rubbleSilver
Ore: dustSilver
Ore: dustRefinedSilver
Ore: rubbleAtlarus
Ore: dustAtlarus
Ore: dustRefinedAtlarus
Ore: rubbleCeruclase
Ore: dustCeruclase
Ore: dustRefinedCeruclase
Ore: rubbleOrichalcum
Ore: dustOrichalcum
Ore: dustRefinedOrichalcum
Ore: rubbleNickel
Ore: dustNickel
Ore: dustRefinedNickel
Ore: rubbleSanguinite
Ore: dustSanguinite
Ore: dustRefinedSanguinite
Ore: rubbleVyroxeres
Ore: dustVyroxeres
Ore: dustRefinedVyroxeres
Ore: rubbleArdite
Ore: dustArdite
Ore: dustRefinedArdite
Ore: glassWhite
Ore: glassPaneWhite
Ore: glassOrange
Ore: glassPaneOrange
Ore: glassMagenta
Ore: glassPaneMagenta
Ore: glassLightBlue
Ore: glassPaneLightBlue
Ore: glassYellow
Ore: glassPaneYellow
Ore: glassLime
Ore: glassPaneLime
Ore: glassPink
Ore: glassPanePink
Ore: glassGray
Ore: glassPaneGray
Ore: glassLightGray
Ore: glassPaneLightGray
Ore: glassCyan
Ore: glassPaneCyan
Ore: glassPurple
Ore: glassPanePurple
Ore: glassBlue
Ore: glassPaneBlue
Ore: glassBrown
Ore: glassPaneBrown
Ore: glassGreen
Ore: glassPaneGreen
Ore: glassRed
Ore: glassPaneRed
Ore: glassBlack
Ore: glassPaneBlack
Fluid: short.mead
Ore: fz.waterBucketLike
Ore: fz.waterBucketLike
Ore: fz.waterBucketLike
Ore: fz.waterBucketLike
Ore: fz.waterBucketLike
Ore: fz.waterBucketLike
Ore: dirtyGravelIron
Ore: cleanGravelIron
Ore: reducedIron
Ore: crystallineIron
Ore: dirtyGravelGold
Ore: cleanGravelGold
Ore: reducedGold
Ore: crystallineGold
Ore: dirtyGravelLead
Ore: cleanGravelLead
Ore: reducedLead
Ore: crystallineLead
Ore: dirtyGravelTin
Ore: cleanGravelTin
Ore: reducedTin
Ore: crystallineTin
Ore: dirtyGravelCopper
Ore: cleanGravelCopper
Ore: reducedCopper
Ore: crystallineCopper
Ore: dirtyGravelGalena
Ore: cleanGravelGalena
Ore: reducedGalena
Ore: crystallineGalena
Ore: dirtyGravelSilver
Ore: cleanGravelSilver
Ore: reducedSilver
Ore: crystallineSilver
Ore: dirtyGravelCobalt
Ore: cleanGravelCobalt
Ore: reducedCobalt
Ore: crystallineCobalt
Ore: dirtyGravelArdite
Ore: cleanGravelArdite
Ore: reducedArdite
Ore: crystallineArdite
Ore: dirtyGravelDark Iron
Ore: cleanGravelDark Iron
Ore: reducedDark Iron
Ore: crystallineDark Iron
Ore: cellEmpty
Ore: ingotIron
Ore: ingotGold
Ore: gemDiamond
Ore: gemEmerald
Ore: gemLapis
Ore: beeComb
Ore: ingotNaturalAluminum
Ore: ingotNaturalAluminum
Ore: ingotAluminium
Ore: ingotNaturalAluminum
Ore: ingotAluminium
Ore: itemCharcoalSugar
Ore: itemCokeSugar
Ore: itemCharcoalCactus
Ore: itemCokeCactus
